0 info it worked if it ends with ok
1 verbose cli [ 'C:\\apps\\nodejs\\node.exe',
1 verbose cli   'C:\\apps\\nodejs\\node_modules\\npm\\bin\\npm-cli.js',
1 verbose cli   'run',
1 verbose cli   'compile' ]
2 info using npm@3.10.10
3 info using node@v7.2.1
4 verbose run-script [ 'precompile', 'compile', 'postcompile' ]
5 info lifecycle tstools@1.1.3~precompile: tstools@1.1.3
6 silly lifecycle tstools@1.1.3~precompile: no script for precompile, continuing
7 info lifecycle tstools@1.1.3~compile: tstools@1.1.3
8 verbose lifecycle tstools@1.1.3~compile: unsafe-perm in lifecycle true
9 verbose lifecycle tstools@1.1.3~compile: PATH: C:\apps\nodejs\node_modules\npm\bin\node-gyp-bin;C:\Workspace\private\tstools\node_modules\.bin;C:\Program Files\Common Files\Microsoft Shared\Microsoft Online Services;C:\Program Files (x86)\Common Files\Microsoft Shared\Microsoft Online Services;c:\Program Files\Java\jdk1.8.0_92\bin;C:\ProgramData\Oracle\Java\javapath;C:\Oracle\11.2\app\AndreyMakarov\product\11.2.0\dbhome_1\bin;C:\Program Files (x86)\RSA SecurID Token Common;C:\WINDOWS\system32;C:\WINDOWS;C:\WINDOWS\System32\Wbem;C:\WINDOWS\System32\WindowsPowerShell\v1.0\;C:\Program Files (x86)\WebEx\Productivity Tools;C:\Program Files\TortoiseSVN\bin;c:\Program Files (x86)\GnuWin32\bin;C:\Program Files (x86)\PuTTY\;c:\apps\Ant\bin;c:\Program Files\Java\jdk1.7.0_79\bin;c:\IBM\WebSphere\AppServer\bin;c:\Program Files\ConEmu;C:\apps\Git\cmd;C:\Program Files (x86)\Skype\Phone\;C:\Program Files\Intel\WiFi\bin\;C:\Program Files\Common Files\Intel\WirelessCommon\;C:\Program Files\TortoiseGit\bin;C:\Program Files\Calibre2\;C:\apps\nodejs\;c:\Program Files\Java\jdk1.7.0_79\bin;C:\apps\Anaconda2;C:\apps\Anaconda2\Scripts;C:\apps\Anaconda2\Library\bin;c:\apps\apache-maven-3.3.9\bin;C:\Users\andreymakarov\AppData\Local\atom\bin;c:\Program Files (x86)\JetBrains\IntelliJ IDEA Community Edition 2016.1.2\plugins\maven\lib\maven3\bin;c:\IBM\WID7\bin;c:\apps\liquibase;C:\Program Files\Intel\WiFi\bin\;C:\Program Files\Common Files\Intel\WirelessCommon\;c:\Program Files\7-Zip;C:\Users\andreymakarov\AppData\Roaming\npm;C:\Program Files (x86)\Microsoft VS Code\bin
10 verbose lifecycle tstools@1.1.3~compile: CWD: C:\Workspace\private\tstools
11 silly lifecycle tstools@1.1.3~compile: Args: [ '/d /s /c',
11 silly lifecycle   'node ./node_modules/vscode/bin/compile -watch -p ./' ]
12 silly lifecycle tstools@1.1.3~compile: Returned: code: 1  signal: null
13 info lifecycle tstools@1.1.3~compile: Failed to exec compile script
14 verbose stack Error: tstools@1.1.3 compile: `node ./node_modules/vscode/bin/compile -watch -p ./`
14 verbose stack Exit status 1
14 verbose stack     at EventEmitter.<anonymous> (C:\apps\nodejs\node_modules\npm\lib\utils\lifecycle.js:255:16)
14 verbose stack     at emitTwo (events.js:106:13)
14 verbose stack     at EventEmitter.emit (events.js:191:7)
14 verbose stack     at ChildProcess.<anonymous> (C:\apps\nodejs\node_modules\npm\lib\utils\spawn.js:40:14)
14 verbose stack     at emitTwo (events.js:106:13)
14 verbose stack     at ChildProcess.emit (events.js:191:7)
14 verbose stack     at maybeClose (internal/child_process.js:885:16)
14 verbose stack     at Process.ChildProcess._handle.onexit (internal/child_process.js:226:5)
15 verbose pkgid tstools@1.1.3
16 verbose cwd C:\Workspace\private\tstools
17 error Windows_NT 10.0.10240
18 error argv "C:\\apps\\nodejs\\node.exe" "C:\\apps\\nodejs\\node_modules\\npm\\bin\\npm-cli.js" "run" "compile"
19 error node v7.2.1
20 error npm  v3.10.10
21 error code ELIFECYCLE
22 error tstools@1.1.3 compile: `node ./node_modules/vscode/bin/compile -watch -p ./`
22 error Exit status 1
23 error Failed at the tstools@1.1.3 compile script 'node ./node_modules/vscode/bin/compile -watch -p ./'.
23 error Make sure you have the latest version of node.js and npm installed.
23 error If you do, this is most likely a problem with the tstools package,
23 error not with npm itself.
23 error Tell the author that this fails on your system:
23 error     node ./node_modules/vscode/bin/compile -watch -p ./
23 error You can get information on how to open an issue for this project with:
23 error     npm bugs tstools
23 error Or if that isn't available, you can get their info via:
23 error     npm owner ls tstools
23 error There is likely additional logging output above.
24 verbose exit [ 1, true ]
